<?xml version="1.0" encoding="UTF-8"?>
<testsuite xmlns:xsi="http://www.w3.org/2001/XMLSchema-instance" xsi:noNamespaceSchemaLocation="https://maven.apache.org/surefire/maven-surefire-plugin/xsd/surefire-test-report-3.0.xsd" version="3.0" name="TestSuite" time="105.8" tests="2" errors="0" skipped="0" failures="0">
  <properties>
    <property name="sun.desktop" value="windows"/>
    <property name="awt.toolkit" value="sun.awt.windows.WToolkit"/>
    <property name="file.encoding.pkg" value="sun.io"/>
    <property name="java.specification.version" value="1.8"/>
    <property name="webdriver.chrome.driver" value="./Drivers\chromedriver.exe"/>
    <property name="sun.cpu.isalist" value="amd64"/>
    <property name="sun.jnu.encoding" value="Cp1252"/>
    <property name="java.class.path" value="E:\ECLIPSE_CODES\NetBanking2020\target\test-classes;E:\ECLIPSE_CODES\NetBanking2020\target\classes;C:\Users\vinaya.ka.YCS\.m2\repository\junit\junit\3.8.1\junit-3.8.1.jar;C:\Users\vinaya.ka.YCS\.m2\repository\org\seleniumhq\selenium\selenium-api\3.141.59\selenium-api-3.141.59.jar;C:\Users\vinaya.ka.YCS\.m2\repository\org\seleniumhq\selenium\selenium-server\3.11.0\selenium-server-3.11.0.jar;C:\Users\vinaya.ka.YCS\.m2\repository\org\seleniumhq\selenium\selenium-edge-driver\3.11.0\selenium-edge-driver-3.11.0.jar;C:\Users\vinaya.ka.YCS\.m2\repository\org\seleniumhq\selenium\selenium-ie-driver\3.11.0\selenium-ie-driver-3.11.0.jar;C:\Users\vinaya.ka.YCS\.m2\repository\org\seleniumhq\selenium\selenium-opera-driver\3.11.0\selenium-opera-driver-3.11.0.jar;C:\Users\vinaya.ka.YCS\.m2\repository\org\seleniumhq\selenium\selenium-safari-driver\3.11.0\selenium-safari-driver-3.11.0.jar;C:\Users\vinaya.ka.YCS\.m2\repository\org\seleniumhq\selenium\selenium-support\3.11.0\selenium-support-3.11.0.jar;C:\Users\vinaya.ka.YCS\.m2\repository\com\beust\jcommander\1.72\jcommander-1.72.jar;C:\Users\vinaya.ka.YCS\.m2\repository\net\bytebuddy\byte-buddy\1.7.9\byte-buddy-1.7.9.jar;C:\Users\vinaya.ka.YCS\.m2\repository\org\apache\commons\commons-exec\1.3\commons-exec-1.3.jar;C:\Users\vinaya.ka.YCS\.m2\repository\org\apache\commons\commons-text\1.1\commons-text-1.1.jar;C:\Users\vinaya.ka.YCS\.m2\repository\commons-codec\commons-codec\1.10\commons-codec-1.10.jar;C:\Users\vinaya.ka.YCS\.m2\repository\commons-logging\commons-logging\1.2\commons-logging-1.2.jar;C:\Users\vinaya.ka.YCS\.m2\repository\commons-net\commons-net\3.6\commons-net-3.6.jar;C:\Users\vinaya.ka.YCS\.m2\repository\org\w3c\css\sac\1.3\sac-1.3.jar;C:\Users\vinaya.ka.YCS\.m2\repository\net\sourceforge\cssparser\cssparser\0.9.24\cssparser-0.9.24.jar;C:\Users\vinaya.ka.YCS\.m2\repository\com\google\code\gson\gson\2.8.2\gson-2.8.2.jar;C:\Users\vinaya.ka.YCS\.m2\repository\net\sourceforge\htmlunit\htmlunit\2.29\htmlunit-2.29.jar;C:\Users\vinaya.ka.YCS\.m2\repository\net\sourceforge\htmlunit\htmlunit-core-js\2.28\htmlunit-core-js-2.28.jar;C:\Users\vinaya.ka.YCS\.m2\repository\net\sourceforge\htmlunit\neko-htmlunit\2.28\neko-htmlunit-2.28.jar;C:\Users\vinaya.ka.YCS\.m2\repository\org\apache\httpcomponents\httpclient\4.5.3\httpclient-4.5.3.jar;C:\Users\vinaya.ka.YCS\.m2\repository\org\apache\httpcomponents\httpcore\4.4.6\httpcore-4.4.6.jar;C:\Users\vinaya.ka.YCS\.m2\repository\org\apache\httpcomponents\httpmime\4.5.3\httpmime-4.5.3.jar;C:\Users\vinaya.ka.YCS\.m2\repository\net\jcip\jcip-annotations\1.0\jcip-annotations-1.0.jar;C:\Users\vinaya.ka.YCS\.m2\repository\org\seleniumhq\selenium\jetty-repacked\9.4.7.v20171121\jetty-repacked-9.4.7.v20171121.jar;C:\Users\vinaya.ka.YCS\.m2\repository\org\eclipse\jetty\jetty-client\9.4.7.v20170914\jetty-client-9.4.7.v20170914.jar;C:\Users\vinaya.ka.YCS\.m2\repository\org\eclipse\jetty\jetty-http\9.4.8.v20171121\jetty-http-9.4.8.v20171121.jar;C:\Users\vinaya.ka.YCS\.m2\repository\org\eclipse\jetty\jetty-io\9.4.8.v20171121\jetty-io-9.4.8.v20171121.jar;C:\Users\vinaya.ka.YCS\.m2\repository\org\eclipse\jetty\jetty-util\9.4.8.v20171121\jetty-util-9.4.8.v20171121.jar;C:\Users\vinaya.ka.YCS\.m2\repository\org\eclipse\jetty\jetty-xml\9.4.7.v20170914\jetty-xml-9.4.7.v20170914.jar;C:\Users\vinaya.ka.YCS\.m2\repository\com\squareup\okhttp3\okhttp\3.9.1\okhttp-3.9.1.jar;C:\Users\vinaya.ka.YCS\.m2\repository\com\squareup\okio\okio\1.13.0\okio-1.13.0.jar;C:\Users\vinaya.ka.YCS\.m2\repository\org\seleniumhq\selenium\htmlunit-driver\2.29.0\htmlunit-driver-2.29.0.jar;C:\Users\vinaya.ka.YCS\.m2\repository\javax\servlet\javax.servlet-api\3.1.0\javax.servlet-api-3.1.0.jar;C:\Users\vinaya.ka.YCS\.m2\repository\org\eclipse\jetty\websocket\websocket-api\9.4.7.v20170914\websocket-api-9.4.7.v20170914.jar;C:\Users\vinaya.ka.YCS\.m2\repository\org\eclipse\jetty\websocket\websocket-client\9.4.7.v20170914\websocket-client-9.4.7.v20170914.jar;C:\Users\vinaya.ka.YCS\.m2\repository\org\eclipse\jetty\websocket\websocket-common\9.4.7.v20170914\websocket-common-9.4.7.v20170914.jar;C:\Users\vinaya.ka.YCS\.m2\repository\xalan\serializer\2.7.2\serializer-2.7.2.jar;C:\Users\vinaya.ka.YCS\.m2\repository\xalan\xalan\2.7.2\xalan-2.7.2.jar;C:\Users\vinaya.ka.YCS\.m2\repository\xerces\xercesImpl\2.11.0\xercesImpl-2.11.0.jar;C:\Users\vinaya.ka.YCS\.m2\repository\xml-apis\xml-apis\1.4.01\xml-apis-1.4.01.jar;C:\Users\vinaya.ka.YCS\.m2\repository\org\yaml\snakeyaml\1.19\snakeyaml-1.19.jar;C:\Users\vinaya.ka.YCS\.m2\repository\ru\sbtqa\tag\page-factory\1.3.7\page-factory-1.3.7.jar;C:\Users\vinaya.ka.YCS\.m2\repository\ru\sbtqa\tag\qa-utils\1.2.4\qa-utils-1.2.4.jar;C:\Users\vinaya.ka.YCS\.m2\repository\org\slf4j\slf4j-log4j12\1.7.22\slf4j-log4j12-1.7.22.jar;C:\Users\vinaya.ka.YCS\.m2\repository\ru\sbtqa\tag\cucumber-runner\1.0.3\cucumber-runner-1.0.3.jar;C:\Users\vinaya.ka.YCS\.m2\repository\info\cukes\cucumber-junit\1.2.5\cucumber-junit-1.2.5.jar;C:\Users\vinaya.ka.YCS\.m2\repository\ru\sbtqa\tag\datajack\1.2.0\datajack-1.2.0.jar;C:\Users\vinaya.ka.YCS\.m2\repository\org\mongodb\mongo-java-driver\3.2.2\mongo-java-driver-3.2.2.jar;C:\Users\vinaya.ka.YCS\.m2\repository\ru\sbtqa\tag\allure-helper\1.2.0\allure-helper-1.2.0.jar;C:\Users\vinaya.ka.YCS\.m2\repository\info\cukes\cucumber-core\1.2.5\cucumber-core-1.2.5.jar;C:\Users\vinaya.ka.YCS\.m2\repository\info\cukes\cucumber-html\0.2.3\cucumber-html-0.2.3.jar;C:\Users\vinaya.ka.YCS\.m2\repository\info\cukes\cucumber-jvm-deps\1.0.5\cucumber-jvm-deps-1.0.5.jar;C:\Users\vinaya.ka.YCS\.m2\repository\info\cukes\gherkin\2.12.2\gherkin-2.12.2.jar;C:\Users\vinaya.ka.YCS\.m2\repository\org\aspectj\aspectjrt\1.8.9\aspectjrt-1.8.9.jar;C:\Users\vinaya.ka.YCS\.m2\repository\ru\yandex\qatools\allure\allure-cucumber-jvm-adaptor\1.6.2\allure-cucumber-jvm-adaptor-1.6.2.jar;C:\Users\vinaya.ka.YCS\.m2\repository\ru\yandex\qatools\allure\allure-java-aspects\1.5.2\allure-java-aspects-1.5.2.jar;C:\Users\vinaya.ka.YCS\.m2\repository\ru\yandex\qatools\allure\allure-java-adaptor-api\1.5.2\allure-java-adaptor-api-1.5.2.jar;C:\Users\vinaya.ka.YCS\.m2\repository\ru\yandex\qatools\allure\allure-java-annotations\1.5.2\allure-java-annotations-1.5.2.jar;C:\Users\vinaya.ka.YCS\.m2\repository\org\apache\tika\tika-core\1.7\tika-core-1.7.jar;C:\Users\vinaya.ka.YCS\.m2\repository\ru\yandex\qatools\allure\allure-commons\1.5.2\allure-commons-1.5.2.jar;C:\Users\vinaya.ka.YCS\.m2\repository\ru\yandex\qatools\allure\allure-model\1.5.2\allure-model-1.5.2.jar;C:\Users\vinaya.ka.YCS\.m2\repository\org\jvnet\jaxb2_commons\jaxb2-basics-runtime\0.9.3\jaxb2-basics-runtime-0.9.3.jar;C:\Users\vinaya.ka.YCS\.m2\repository\ru\qatools\commons\properties\2.0.RC5\properties-2.0.RC5.jar;C:\Users\vinaya.ka.YCS\.m2\repository\info\cukes\cucumber-java\1.2.5\cucumber-java-1.2.5.jar;C:\Users\vinaya.ka.YCS\.m2\repository\commons-logging\commons-logging-api\1.1\commons-logging-api-1.1.jar;C:\Users\vinaya.ka.YCS\.m2\repository\ru\sbtqa\tag\video-recorder\1.0.6\video-recorder-1.0.6.jar;C:\Users\vinaya.ka.YCS\.m2\repository\ru\sbtqa\monte-media\1.1.0-JAVA7\monte-media-1.1.0-JAVA7.jar;C:\Users\vinaya.ka.YCS\.m2\repository\ru\sbtqa\htmlelements\htmlelements-java\1.17-JAVA7\htmlelements-java-1.17-JAVA7.jar;C:\Users\vinaya.ka.YCS\.m2\repository\io\appium\java-client\4.1.2\java-client-4.1.2.jar;C:\Users\vinaya.ka.YCS\.m2\repository\commons-validator\commons-validator\1.5.1\commons-validator-1.5.1.jar;C:\Users\vinaya.ka.YCS\.m2\repository\commons-beanutils\commons-beanutils\1.9.2\commons-beanutils-1.9.2.jar;C:\Users\vinaya.ka.YCS\.m2\repository\commons-digester\commons-digester\1.8.1\commons-digester-1.8.1.jar;C:\Users\vinaya.ka.YCS\.m2\repository\commons-collections\commons-collections\3.2.2\commons-collections-3.2.2.jar;C:\Users\vinaya.ka.YCS\.m2\repository\cglib\cglib-nodep\3.2.4\cglib-nodep-3.2.4.jar;C:\Users\vinaya.ka.YCS\.m2\repository\org\springframework\spring-context\4.3.2.RELEASE\spring-context-4.3.2.RELEASE.jar;C:\Users\vinaya.ka.YCS\.m2\repository\org\springframework\spring-aop\4.3.2.RELEASE\spring-aop-4.3.2.RELEASE.jar;C:\Users\vinaya.ka.YCS\.m2\repository\org\springframework\spring-beans\4.3.2.RELEASE\spring-beans-4.3.2.RELEASE.jar;C:\Users\vinaya.ka.YCS\.m2\repository\org\springframework\spring-core\4.3.2.RELEASE\spring-core-4.3.2.RELEASE.jar;C:\Users\vinaya.ka.YCS\.m2\repository\org\springframework\spring-expression\4.3.2.RELEASE\spring-expression-4.3.2.RELEASE.jar;C:\Users\vinaya.ka.YCS\.m2\repository\org\aspectj\aspectjweaver\1.8.9\aspectjweaver-1.8.9.jar;C:\Users\vinaya.ka.YCS\.m2\repository\net\lightbody\bmp\browsermob-core\2.1.0-beta-4\browsermob-core-2.1.0-beta-4.jar;C:\Users\vinaya.ka.YCS\.m2\repository\com\fasterxml\jackson\core\jackson-core\2.6.3\jackson-core-2.6.3.jar;C:\Users\vinaya.ka.YCS\.m2\repository\com\fasterxml\jackson\core\jackson-databind\2.6.3\jackson-databind-2.6.3.jar;C:\Users\vinaya.ka.YCS\.m2\repository\com\fasterxml\jackson\core\jackson-annotations\2.6.3\jackson-annotations-2.6.3.jar;C:\Users\vinaya.ka.YCS\.m2\repository\org\slf4j\jcl-over-slf4j\1.7.13\jcl-over-slf4j-1.7.13.jar;C:\Users\vinaya.ka.YCS\.m2\repository\net\sf\uadetector\uadetector-resources\2014.10\uadetector-resources-2014.10.jar;C:\Users\vinaya.ka.YCS\.m2\repository\net\sf\uadetector\uadetector-core\0.9.22\uadetector-core-0.9.22.jar;C:\Users\vinaya.ka.YCS\.m2\repository\net\sf\qualitycheck\quality-check\1.3\quality-check-1.3.jar;C:\Users\vinaya.ka.YCS\.m2\repository\javax\annotation\jsr250-api\1.0\jsr250-api-1.0.jar;C:\Users\vinaya.ka.YCS\.m2\repository\javax\servlet\servlet-api\2.5\servlet-api-2.5.jar;C:\Users\vinaya.ka.YCS\.m2\repository\org\bouncycastle\bcprov-jdk15on\1.47\bcprov-jdk15on-1.47.jar;C:\Users\vinaya.ka.YCS\.m2\repository\dnsjava\dnsjava\2.1.7\dnsjava-2.1.7.jar;C:\Users\vinaya.ka.YCS\.m2\repository\net\lightbody\bmp\mitm\2.1.0-beta-4\mitm-2.1.0-beta-4.jar;C:\Users\vinaya.ka.YCS\.m2\repository\net\lightbody\bmp\browsermob-core-littleproxy\2.1.0-beta-4\browsermob-core-littleproxy-2.1.0-beta-4.jar;C:\Users\vinaya.ka.YCS\.m2\repository\net\lightbody\bmp\littleproxy\1.1.0-beta-bmp-10\littleproxy-1.1.0-beta-bmp-10.jar;C:\Users\vinaya.ka.YCS\.m2\repository\commons-cli\commons-cli\1.3.1\commons-cli-1.3.1.jar;C:\Users\vinaya.ka.YCS\.m2\repository\com\jcraft\jzlib\1.1.3\jzlib-1.1.3.jar;C:\Users\vinaya.ka.YCS\.m2\repository\io\netty\netty-all\4.0.33.Final\netty-all-4.0.33.Final.jar;C:\Users\vinaya.ka.YCS\.m2\repository\org\bouncycastle\bcpkix-jdk15on\1.53\bcpkix-jdk15on-1.53.jar;C:\Users\vinaya.ka.YCS\.m2\repository\org\reflections\reflections\0.9.10\reflections-0.9.10.jar;C:\Users\vinaya.ka.YCS\.m2\repository\org\javassist\javassist\3.19.0-GA\javassist-3.19.0-GA.jar;C:\Users\vinaya.ka.YCS\.m2\repository\com\google\code\findbugs\annotations\2.0.1\annotations-2.0.1.jar;C:\Users\vinaya.ka.YCS\.m2\repository\org\apache\maven\maven-project\2.0.10\maven-project-2.0.10.jar;C:\Users\vinaya.ka.YCS\.m2\repository\org\apache\maven\maven-settings\2.0.10\maven-settings-2.0.10.jar;C:\Users\vinaya.ka.YCS\.m2\repository\org\apache\maven\maven-profile\2.0.10\maven-profile-2.0.10.jar;C:\Users\vinaya.ka.YCS\.m2\repository\org\apache\maven\maven-model\2.0.10\maven-model-2.0.10.jar;C:\Users\vinaya.ka.YCS\.m2\repository\org\apache\maven\maven-artifact-manager\2.0.10\maven-artifact-manager-2.0.10.jar;C:\Users\vinaya.ka.YCS\.m2\repository\org\apache\maven\maven-repository-metadata\2.0.10\maven-repository-metadata-2.0.10.jar;C:\Users\vinaya.ka.YCS\.m2\repository\org\apache\maven\wagon\wagon-provider-api\1.0-beta-2\wagon-provider-api-1.0-beta-2.jar;C:\Users\vinaya.ka.YCS\.m2\repository\org\apache\maven\maven-plugin-registry\2.0.10\maven-plugin-registry-2.0.10.jar;C:\Users\vinaya.ka.YCS\.m2\repository\org\codehaus\plexus\plexus-interpolation\1.1\plexus-interpolation-1.1.jar;C:\Users\vinaya.ka.YCS\.m2\repository\org\codehaus\plexus\plexus-utils\1.5.5\plexus-utils-1.5.5.jar;C:\Users\vinaya.ka.YCS\.m2\repository\org\apache\maven\maven-artifact\2.0.10\maven-artifact-2.0.10.jar;C:\Users\vinaya.ka.YCS\.m2\repository\org\codehaus\plexus\plexus-container-default\1.0-alpha-9-stable-1\plexus-container-default-1.0-alpha-9-stable-1.jar;C:\Users\vinaya.ka.YCS\.m2\repository\classworlds\classworlds\1.1-alpha-2\classworlds-1.1-alpha-2.jar;C:\Users\vinaya.ka.YCS\.m2\repository\org\seleniumhq\selenium\selenium-remote-driver\3.6.0\selenium-remote-driver-3.6.0.jar;C:\Users\vinaya.ka.YCS\.m2\repository\net\java\dev\jna\jna\4.1.0\jna-4.1.0.jar;C:\Users\vinaya.ka.YCS\.m2\repository\net\java\dev\jna\jna-platform\4.1.0\jna-platform-4.1.0.jar;C:\Users\vinaya.ka.YCS\.m2\repository\com\google\guava\guava\29.0-jre\guava-29.0-jre.jar;C:\Users\vinaya.ka.YCS\.m2\repository\com\google\guava\failureaccess\1.0.1\failureaccess-1.0.1.jar;C:\Users\vinaya.ka.YCS\.m2\repository\com\google\guava\listenablefuture\9999.0-empty-to-avoid-conflict-with-guava\listenablefuture-9999.0-empty-to-avoid-conflict-with-guava.jar;C:\Users\vinaya.ka.YCS\.m2\repository\com\google\code\findbugs\jsr305\3.0.2\jsr305-3.0.2.jar;C:\Users\vinaya.ka.YCS\.m2\repository\org\checkerframework\checker-qual\2.11.1\checker-qual-2.11.1.jar;C:\Users\vinaya.ka.YCS\.m2\repository\com\google\errorprone\error_prone_annotations\2.3.4\error_prone_annotations-2.3.4.jar;C:\Users\vinaya.ka.YCS\.m2\repository\com\google\j2objc\j2objc-annotations\1.3\j2objc-annotations-1.3.jar;C:\Users\vinaya.ka.YCS\.m2\repository\org\seleniumhq\selenium\selenium-java\3.141.59\selenium-java-3.141.59.jar;C:\Users\vinaya.ka.YCS\.m2\repository\org\seleniumhq\selenium\selenium-chrome-driver\3.141.59\selenium-chrome-driver-3.141.59.jar;C:\Users\vinaya.ka.YCS\.m2\repository\org\seleniumhq\selenium\selenium-firefox-driver\3.141.59\selenium-firefox-driver-3.141.59.jar;C:\Users\vinaya.ka.YCS\.m2\repository\org\testng\testng\7.3.0\testng-7.3.0.jar;C:\Users\vinaya.ka.YCS\.m2\repository\org\apache\ant\ant\1.10.3\ant-1.10.3.jar;C:\Users\vinaya.ka.YCS\.m2\repository\org\apache\ant\ant-launcher\1.10.3\ant-launcher-1.10.3.jar;C:\Users\vinaya.ka.YCS\.m2\repository\com\google\inject\guice\4.2.2\guice-4.2.2-no_aop.jar;C:\Users\vinaya.ka.YCS\.m2\repository\javax\inject\javax.inject\1\javax.inject-1.jar;C:\Users\vinaya.ka.YCS\.m2\repository\aopalliance\aopalliance\1.0\aopalliance-1.0.jar;C:\Users\vinaya.ka.YCS\.m2\repository\org\apache\poi\poi\4.1.2\poi-4.1.2.jar;C:\Users\vinaya.ka.YCS\.m2\repository\org\apache\commons\commons-collections4\4.4\commons-collections4-4.4.jar;C:\Users\vinaya.ka.YCS\.m2\repository\org\apache\commons\commons-math3\3.6.1\commons-math3-3.6.1.jar;C:\Users\vinaya.ka.YCS\.m2\repository\com\zaxxer\SparseBitSet\1.2\SparseBitSet-1.2.jar;C:\Users\vinaya.ka.YCS\.m2\repository\org\apache\poi\poi-ooxml\4.1.2\poi-ooxml-4.1.2.jar;C:\Users\vinaya.ka.YCS\.m2\repository\org\apache\poi\poi-ooxml-schemas\4.1.2\poi-ooxml-schemas-4.1.2.jar;C:\Users\vinaya.ka.YCS\.m2\repository\org\apache\xmlbeans\xmlbeans\3.1.0\xmlbeans-3.1.0.jar;C:\Users\vinaya.ka.YCS\.m2\repository\org\apache\commons\commons-compress\1.19\commons-compress-1.19.jar;C:\Users\vinaya.ka.YCS\.m2\repository\com\github\virtuald\curvesapi\1.06\curvesapi-1.06.jar;C:\Users\vinaya.ka.YCS\.m2\repository\com\aventstack\extentreports\4.0.0\extentreports-4.0.0.jar;C:\Users\vinaya.ka.YCS\.m2\repository\org\freemarker\freemarker\2.3.23\freemarker-2.3.23.jar;C:\Users\vinaya.ka.YCS\.m2\repository\org\mongodb\mongodb-driver\3.3.0\mongodb-driver-3.3.0.jar;C:\Users\vinaya.ka.YCS\.m2\repository\org\mongodb\mongodb-driver-core\3.3.0\mongodb-driver-core-3.3.0.jar;C:\Users\vinaya.ka.YCS\.m2\repository\org\mongodb\bson\3.3.0\bson-3.3.0.jar;C:\Users\vinaya.ka.YCS\.m2\repository\org\apache\commons\commons-lang3\3.9\commons-lang3-3.9.jar;C:\Users\vinaya.ka.YCS\.m2\repository\commons-io\commons-io\1.3.2\commons-io-1.3.2.jar;C:\Users\vinaya.ka.YCS\.m2\repository\org\sikuli\sikuli-api\1.2.0\sikuli-api-1.2.0.jar;C:\Users\vinaya.ka.YCS\.m2\repository\org\sikuli\sikuli-core\1.2.2\sikuli-core-1.2.2.jar;C:\Users\vinaya.ka.YCS\.m2\repository\org\bytedeco\javacpp\0.9\javacpp-0.9.jar;C:\Users\vinaya.ka.YCS\.m2\repository\org\bytedeco\javacpp-presets\opencv\2.4.9-0.9\opencv-2.4.9-0.9.jar;C:\Users\vinaya.ka.YCS\.m2\repository\org\piccolo2d\piccolo2d-extras\1.3.1\piccolo2d-extras-1.3.1.jar;C:\Users\vinaya.ka.YCS\.m2\repository\org\piccolo2d\piccolo2d-core\1.3.1\piccolo2d-core-1.3.1.jar;C:\Users\vinaya.ka.YCS\.m2\repository\org\slf4j\slf4j-api\1.6.6\slf4j-api-1.6.6.jar;C:\Users\vinaya.ka.YCS\.m2\repository\log4j\log4j\1.2.17\log4j-1.2.17.jar;"/>
    <property name="java.vm.vendor" value="Oracle Corporation"/>
    <property name="sun.arch.data.model" value="64"/>
    <property name="user.variant" value=""/>
    <property name="java.vendor.url" value="http://java.oracle.com/"/>
    <property name="user.timezone" value="Asia/Calcutta"/>
    <property name="java.vm.specification.version" value="1.8"/>
    <property name="os.name" value="Windows 10"/>
    <property name="user.country" value="IN"/>
    <property name="sun.java.launcher" value="SUN_STANDARD"/>
    <property name="sun.boot.library.path" value="C:\Program Files\Java\jdk1.8.0_231\jre\bin"/>
    <property name="sun.java.command" value="C:\Users\vinaya.ka.YCS\AppData\Local\Temp\surefire4845473073861322574\surefirebooter3848403659913797576.jar C:\Users\vinaya.ka.YCS\AppData\Local\Temp\surefire4845473073861322574 2020-10-24T21-30-11_572-jvmRun1 surefire8359997207143431988tmp surefire_0327091849749796378tmp"/>
    <property name="surefire.test.class.path" value="E:\ECLIPSE_CODES\NetBanking2020\target\test-classes;E:\ECLIPSE_CODES\NetBanking2020\target\classes;C:\Users\vinaya.ka.YCS\.m2\repository\junit\junit\3.8.1\junit-3.8.1.jar;C:\Users\vinaya.ka.YCS\.m2\repository\org\seleniumhq\selenium\selenium-api\3.141.59\selenium-api-3.141.59.jar;C:\Users\vinaya.ka.YCS\.m2\repository\org\seleniumhq\selenium\selenium-server\3.11.0\selenium-server-3.11.0.jar;C:\Users\vinaya.ka.YCS\.m2\repository\org\seleniumhq\selenium\selenium-edge-driver\3.11.0\selenium-edge-driver-3.11.0.jar;C:\Users\vinaya.ka.YCS\.m2\repository\org\seleniumhq\selenium\selenium-ie-driver\3.11.0\selenium-ie-driver-3.11.0.jar;C:\Users\vinaya.ka.YCS\.m2\repository\org\seleniumhq\selenium\selenium-opera-driver\3.11.0\selenium-opera-driver-3.11.0.jar;C:\Users\vinaya.ka.YCS\.m2\repository\org\seleniumhq\selenium\selenium-safari-driver\3.11.0\selenium-safari-driver-3.11.0.jar;C:\Users\vinaya.ka.YCS\.m2\repository\org\seleniumhq\selenium\selenium-support\3.11.0\selenium-support-3.11.0.jar;C:\Users\vinaya.ka.YCS\.m2\repository\com\beust\jcommander\1.72\jcommander-1.72.jar;C:\Users\vinaya.ka.YCS\.m2\repository\net\bytebuddy\byte-buddy\1.7.9\byte-buddy-1.7.9.jar;C:\Users\vinaya.ka.YCS\.m2\repository\org\apache\commons\commons-exec\1.3\commons-exec-1.3.jar;C:\Users\vinaya.ka.YCS\.m2\repository\org\apache\commons\commons-text\1.1\commons-text-1.1.jar;C:\Users\vinaya.ka.YCS\.m2\repository\commons-codec\commons-codec\1.10\commons-codec-1.10.jar;C:\Users\vinaya.ka.YCS\.m2\repository\commons-logging\commons-logging\1.2\commons-logging-1.2.jar;C:\Users\vinaya.ka.YCS\.m2\repository\commons-net\commons-net\3.6\commons-net-3.6.jar;C:\Users\vinaya.ka.YCS\.m2\repository\org\w3c\css\sac\1.3\sac-1.3.jar;C:\Users\vinaya.ka.YCS\.m2\repository\net\sourceforge\cssparser\cssparser\0.9.24\cssparser-0.9.24.jar;C:\Users\vinaya.ka.YCS\.m2\repository\com\google\code\gson\gson\2.8.2\gson-2.8.2.jar;C:\Users\vinaya.ka.YCS\.m2\repository\net\sourceforge\htmlunit\htmlunit\2.29\htmlunit-2.29.jar;C:\Users\vinaya.ka.YCS\.m2\repository\net\sourceforge\htmlunit\htmlunit-core-js\2.28\htmlunit-core-js-2.28.jar;C:\Users\vinaya.ka.YCS\.m2\repository\net\sourceforge\htmlunit\neko-htmlunit\2.28\neko-htmlunit-2.28.jar;C:\Users\vinaya.ka.YCS\.m2\repository\org\apache\httpcomponents\httpclient\4.5.3\httpclient-4.5.3.jar;C:\Users\vinaya.ka.YCS\.m2\repository\org\apache\httpcomponents\httpcore\4.4.6\httpcore-4.4.6.jar;C:\Users\vinaya.ka.YCS\.m2\repository\org\apache\httpcomponents\httpmime\4.5.3\httpmime-4.5.3.jar;C:\Users\vinaya.ka.YCS\.m2\repository\net\jcip\jcip-annotations\1.0\jcip-annotations-1.0.jar;C:\Users\vinaya.ka.YCS\.m2\repository\org\seleniumhq\selenium\jetty-repacked\9.4.7.v20171121\jetty-repacked-9.4.7.v20171121.jar;C:\Users\vinaya.ka.YCS\.m2\repository\org\eclipse\jetty\jetty-client\9.4.7.v20170914\jetty-client-9.4.7.v20170914.jar;C:\Users\vinaya.ka.YCS\.m2\repository\org\eclipse\jetty\jetty-http\9.4.8.v20171121\jetty-http-9.4.8.v20171121.jar;C:\Users\vinaya.ka.YCS\.m2\repository\org\eclipse\jetty\jetty-io\9.4.8.v20171121\jetty-io-9.4.8.v20171121.jar;C:\Users\vinaya.ka.YCS\.m2\repository\org\eclipse\jetty\jetty-util\9.4.8.v20171121\jetty-util-9.4.8.v20171121.jar;C:\Users\vinaya.ka.YCS\.m2\repository\org\eclipse\jetty\jetty-xml\9.4.7.v20170914\jetty-xml-9.4.7.v20170914.jar;C:\Users\vinaya.ka.YCS\.m2\repository\com\squareup\okhttp3\okhttp\3.9.1\okhttp-3.9.1.jar;C:\Users\vinaya.ka.YCS\.m2\repository\com\squareup\okio\okio\1.13.0\okio-1.13.0.jar;C:\Users\vinaya.ka.YCS\.m2\repository\org\seleniumhq\selenium\htmlunit-driver\2.29.0\htmlunit-driver-2.29.0.jar;C:\Users\vinaya.ka.YCS\.m2\repository\javax\servlet\javax.servlet-api\3.1.0\javax.servlet-api-3.1.0.jar;C:\Users\vinaya.ka.YCS\.m2\repository\org\eclipse\jetty\websocket\websocket-api\9.4.7.v20170914\websocket-api-9.4.7.v20170914.jar;C:\Users\vinaya.ka.YCS\.m2\repository\org\eclipse\jetty\websocket\websocket-client\9.4.7.v20170914\websocket-client-9.4.7.v20170914.jar;C:\Users\vinaya.ka.YCS\.m2\repository\org\eclipse\jetty\websocket\websocket-common\9.4.7.v20170914\websocket-common-9.4.7.v20170914.jar;C:\Users\vinaya.ka.YCS\.m2\repository\xalan\serializer\2.7.2\serializer-2.7.2.jar;C:\Users\vinaya.ka.YCS\.m2\repository\xalan\xalan\2.7.2\xalan-2.7.2.jar;C:\Users\vinaya.ka.YCS\.m2\repository\xerces\xercesImpl\2.11.0\xercesImpl-2.11.0.jar;C:\Users\vinaya.ka.YCS\.m2\repository\xml-apis\xml-apis\1.4.01\xml-apis-1.4.01.jar;C:\Users\vinaya.ka.YCS\.m2\repository\org\yaml\snakeyaml\1.19\snakeyaml-1.19.jar;C:\Users\vinaya.ka.YCS\.m2\repository\ru\sbtqa\tag\page-factory\1.3.7\page-factory-1.3.7.jar;C:\Users\vinaya.ka.YCS\.m2\repository\ru\sbtqa\tag\qa-utils\1.2.4\qa-utils-1.2.4.jar;C:\Users\vinaya.ka.YCS\.m2\repository\org\slf4j\slf4j-log4j12\1.7.22\slf4j-log4j12-1.7.22.jar;C:\Users\vinaya.ka.YCS\.m2\repository\ru\sbtqa\tag\cucumber-runner\1.0.3\cucumber-runner-1.0.3.jar;C:\Users\vinaya.ka.YCS\.m2\repository\info\cukes\cucumber-junit\1.2.5\cucumber-junit-1.2.5.jar;C:\Users\vinaya.ka.YCS\.m2\repository\ru\sbtqa\tag\datajack\1.2.0\datajack-1.2.0.jar;C:\Users\vinaya.ka.YCS\.m2\repository\org\mongodb\mongo-java-driver\3.2.2\mongo-java-driver-3.2.2.jar;C:\Users\vinaya.ka.YCS\.m2\repository\ru\sbtqa\tag\allure-helper\1.2.0\allure-helper-1.2.0.jar;C:\Users\vinaya.ka.YCS\.m2\repository\info\cukes\cucumber-core\1.2.5\cucumber-core-1.2.5.jar;C:\Users\vinaya.ka.YCS\.m2\repository\info\cukes\cucumber-html\0.2.3\cucumber-html-0.2.3.jar;C:\Users\vinaya.ka.YCS\.m2\repository\info\cukes\cucumber-jvm-deps\1.0.5\cucumber-jvm-deps-1.0.5.jar;C:\Users\vinaya.ka.YCS\.m2\repository\info\cukes\gherkin\2.12.2\gherkin-2.12.2.jar;C:\Users\vinaya.ka.YCS\.m2\repository\org\aspectj\aspectjrt\1.8.9\aspectjrt-1.8.9.jar;C:\Users\vinaya.ka.YCS\.m2\repository\ru\yandex\qatools\allure\allure-cucumber-jvm-adaptor\1.6.2\allure-cucumber-jvm-adaptor-1.6.2.jar;C:\Users\vinaya.ka.YCS\.m2\repository\ru\yandex\qatools\allure\allure-java-aspects\1.5.2\allure-java-aspects-1.5.2.jar;C:\Users\vinaya.ka.YCS\.m2\repository\ru\yandex\qatools\allure\allure-java-adaptor-api\1.5.2\allure-java-adaptor-api-1.5.2.jar;C:\Users\vinaya.ka.YCS\.m2\repository\ru\yandex\qatools\allure\allure-java-annotations\1.5.2\allure-java-annotations-1.5.2.jar;C:\Users\vinaya.ka.YCS\.m2\repository\org\apache\tika\tika-core\1.7\tika-core-1.7.jar;C:\Users\vinaya.ka.YCS\.m2\repository\ru\yandex\qatools\allure\allure-commons\1.5.2\allure-commons-1.5.2.jar;C:\Users\vinaya.ka.YCS\.m2\repository\ru\yandex\qatools\allure\allure-model\1.5.2\allure-model-1.5.2.jar;C:\Users\vinaya.ka.YCS\.m2\repository\org\jvnet\jaxb2_commons\jaxb2-basics-runtime\0.9.3\jaxb2-basics-runtime-0.9.3.jar;C:\Users\vinaya.ka.YCS\.m2\repository\ru\qatools\commons\properties\2.0.RC5\properties-2.0.RC5.jar;C:\Users\vinaya.ka.YCS\.m2\repository\info\cukes\cucumber-java\1.2.5\cucumber-java-1.2.5.jar;C:\Users\vinaya.ka.YCS\.m2\repository\commons-logging\commons-logging-api\1.1\commons-logging-api-1.1.jar;C:\Users\vinaya.ka.YCS\.m2\repository\ru\sbtqa\tag\video-recorder\1.0.6\video-recorder-1.0.6.jar;C:\Users\vinaya.ka.YCS\.m2\repository\ru\sbtqa\monte-media\1.1.0-JAVA7\monte-media-1.1.0-JAVA7.jar;C:\Users\vinaya.ka.YCS\.m2\repository\ru\sbtqa\htmlelements\htmlelements-java\1.17-JAVA7\htmlelements-java-1.17-JAVA7.jar;C:\Users\vinaya.ka.YCS\.m2\repository\io\appium\java-client\4.1.2\java-client-4.1.2.jar;C:\Users\vinaya.ka.YCS\.m2\repository\commons-validator\commons-validator\1.5.1\commons-validator-1.5.1.jar;C:\Users\vinaya.ka.YCS\.m2\repository\commons-beanutils\commons-beanutils\1.9.2\commons-beanutils-1.9.2.jar;C:\Users\vinaya.ka.YCS\.m2\repository\commons-digester\commons-digester\1.8.1\commons-digester-1.8.1.jar;C:\Users\vinaya.ka.YCS\.m2\repository\commons-collections\commons-collections\3.2.2\commons-collections-3.2.2.jar;C:\Users\vinaya.ka.YCS\.m2\repository\cglib\cglib-nodep\3.2.4\cglib-nodep-3.2.4.jar;C:\Users\vinaya.ka.YCS\.m2\repository\org\springframework\spring-context\4.3.2.RELEASE\spring-context-4.3.2.RELEASE.jar;C:\Users\vinaya.ka.YCS\.m2\repository\org\springframework\spring-aop\4.3.2.RELEASE\spring-aop-4.3.2.RELEASE.jar;C:\Users\vinaya.ka.YCS\.m2\repository\org\springframework\spring-beans\4.3.2.RELEASE\spring-beans-4.3.2.RELEASE.jar;C:\Users\vinaya.ka.YCS\.m2\repository\org\springframework\spring-core\4.3.2.RELEASE\spring-core-4.3.2.RELEASE.jar;C:\Users\vinaya.ka.YCS\.m2\repository\org\springframework\spring-expression\4.3.2.RELEASE\spring-expression-4.3.2.RELEASE.jar;C:\Users\vinaya.ka.YCS\.m2\repository\org\aspectj\aspectjweaver\1.8.9\aspectjweaver-1.8.9.jar;C:\Users\vinaya.ka.YCS\.m2\repository\net\lightbody\bmp\browsermob-core\2.1.0-beta-4\browsermob-core-2.1.0-beta-4.jar;C:\Users\vinaya.ka.YCS\.m2\repository\com\fasterxml\jackson\core\jackson-core\2.6.3\jackson-core-2.6.3.jar;C:\Users\vinaya.ka.YCS\.m2\repository\com\fasterxml\jackson\core\jackson-databind\2.6.3\jackson-databind-2.6.3.jar;C:\Users\vinaya.ka.YCS\.m2\repository\com\fasterxml\jackson\core\jackson-annotations\2.6.3\jackson-annotations-2.6.3.jar;C:\Users\vinaya.ka.YCS\.m2\repository\org\slf4j\jcl-over-slf4j\1.7.13\jcl-over-slf4j-1.7.13.jar;C:\Users\vinaya.ka.YCS\.m2\repository\net\sf\uadetector\uadetector-resources\2014.10\uadetector-resources-2014.10.jar;C:\Users\vinaya.ka.YCS\.m2\repository\net\sf\uadetector\uadetector-core\0.9.22\uadetector-core-0.9.22.jar;C:\Users\vinaya.ka.YCS\.m2\repository\net\sf\qualitycheck\quality-check\1.3\quality-check-1.3.jar;C:\Users\vinaya.ka.YCS\.m2\repository\javax\annotation\jsr250-api\1.0\jsr250-api-1.0.jar;C:\Users\vinaya.ka.YCS\.m2\repository\javax\servlet\servlet-api\2.5\servlet-api-2.5.jar;C:\Users\vinaya.ka.YCS\.m2\repository\org\bouncycastle\bcprov-jdk15on\1.47\bcprov-jdk15on-1.47.jar;C:\Users\vinaya.ka.YCS\.m2\repository\dnsjava\dnsjava\2.1.7\dnsjava-2.1.7.jar;C:\Users\vinaya.ka.YCS\.m2\repository\net\lightbody\bmp\mitm\2.1.0-beta-4\mitm-2.1.0-beta-4.jar;C:\Users\vinaya.ka.YCS\.m2\repository\net\lightbody\bmp\browsermob-core-littleproxy\2.1.0-beta-4\browsermob-core-littleproxy-2.1.0-beta-4.jar;C:\Users\vinaya.ka.YCS\.m2\repository\net\lightbody\bmp\littleproxy\1.1.0-beta-bmp-10\littleproxy-1.1.0-beta-bmp-10.jar;C:\Users\vinaya.ka.YCS\.m2\repository\commons-cli\commons-cli\1.3.1\commons-cli-1.3.1.jar;C:\Users\vinaya.ka.YCS\.m2\repository\com\jcraft\jzlib\1.1.3\jzlib-1.1.3.jar;C:\Users\vinaya.ka.YCS\.m2\repository\io\netty\netty-all\4.0.33.Final\netty-all-4.0.33.Final.jar;C:\Users\vinaya.ka.YCS\.m2\repository\org\bouncycastle\bcpkix-jdk15on\1.53\bcpkix-jdk15on-1.53.jar;C:\Users\vinaya.ka.YCS\.m2\repository\org\reflections\reflections\0.9.10\reflections-0.9.10.jar;C:\Users\vinaya.ka.YCS\.m2\repository\org\javassist\javassist\3.19.0-GA\javassist-3.19.0-GA.jar;C:\Users\vinaya.ka.YCS\.m2\repository\com\google\code\findbugs\annotations\2.0.1\annotations-2.0.1.jar;C:\Users\vinaya.ka.YCS\.m2\repository\org\apache\maven\maven-project\2.0.10\maven-project-2.0.10.jar;C:\Users\vinaya.ka.YCS\.m2\repository\org\apache\maven\maven-settings\2.0.10\maven-settings-2.0.10.jar;C:\Users\vinaya.ka.YCS\.m2\repository\org\apache\maven\maven-profile\2.0.10\maven-profile-2.0.10.jar;C:\Users\vinaya.ka.YCS\.m2\repository\org\apache\maven\maven-model\2.0.10\maven-model-2.0.10.jar;C:\Users\vinaya.ka.YCS\.m2\repository\org\apache\maven\maven-artifact-manager\2.0.10\maven-artifact-manager-2.0.10.jar;C:\Users\vinaya.ka.YCS\.m2\repository\org\apache\maven\maven-repository-metadata\2.0.10\maven-repository-metadata-2.0.10.jar;C:\Users\vinaya.ka.YCS\.m2\repository\org\apache\maven\wagon\wagon-provider-api\1.0-beta-2\wagon-provider-api-1.0-beta-2.jar;C:\Users\vinaya.ka.YCS\.m2\repository\org\apache\maven\maven-plugin-registry\2.0.10\maven-plugin-registry-2.0.10.jar;C:\Users\vinaya.ka.YCS\.m2\repository\org\codehaus\plexus\plexus-interpolation\1.1\plexus-interpolation-1.1.jar;C:\Users\vinaya.ka.YCS\.m2\repository\org\codehaus\plexus\plexus-utils\1.5.5\plexus-utils-1.5.5.jar;C:\Users\vinaya.ka.YCS\.m2\repository\org\apache\maven\maven-artifact\2.0.10\maven-artifact-2.0.10.jar;C:\Users\vinaya.ka.YCS\.m2\repository\org\codehaus\plexus\plexus-container-default\1.0-alpha-9-stable-1\plexus-container-default-1.0-alpha-9-stable-1.jar;C:\Users\vinaya.ka.YCS\.m2\repository\classworlds\classworlds\1.1-alpha-2\classworlds-1.1-alpha-2.jar;C:\Users\vinaya.ka.YCS\.m2\repository\org\seleniumhq\selenium\selenium-remote-driver\3.6.0\selenium-remote-driver-3.6.0.jar;C:\Users\vinaya.ka.YCS\.m2\repository\net\java\dev\jna\jna\4.1.0\jna-4.1.0.jar;C:\Users\vinaya.ka.YCS\.m2\repository\net\java\dev\jna\jna-platform\4.1.0\jna-platform-4.1.0.jar;C:\Users\vinaya.ka.YCS\.m2\repository\com\google\guava\guava\29.0-jre\guava-29.0-jre.jar;C:\Users\vinaya.ka.YCS\.m2\repository\com\google\guava\failureaccess\1.0.1\failureaccess-1.0.1.jar;C:\Users\vinaya.ka.YCS\.m2\repository\com\google\guava\listenablefuture\9999.0-empty-to-avoid-conflict-with-guava\listenablefuture-9999.0-empty-to-avoid-conflict-with-guava.jar;C:\Users\vinaya.ka.YCS\.m2\repository\com\google\code\findbugs\jsr305\3.0.2\jsr305-3.0.2.jar;C:\Users\vinaya.ka.YCS\.m2\repository\org\checkerframework\checker-qual\2.11.1\checker-qual-2.11.1.jar;C:\Users\vinaya.ka.YCS\.m2\repository\com\google\errorprone\error_prone_annotations\2.3.4\error_prone_annotations-2.3.4.jar;C:\Users\vinaya.ka.YCS\.m2\repository\com\google\j2objc\j2objc-annotations\1.3\j2objc-annotations-1.3.jar;C:\Users\vinaya.ka.YCS\.m2\repository\org\seleniumhq\selenium\selenium-java\3.141.59\selenium-java-3.141.59.jar;C:\Users\vinaya.ka.YCS\.m2\repository\org\seleniumhq\selenium\selenium-chrome-driver\3.141.59\selenium-chrome-driver-3.141.59.jar;C:\Users\vinaya.ka.YCS\.m2\repository\org\seleniumhq\selenium\selenium-firefox-driver\3.141.59\selenium-firefox-driver-3.141.59.jar;C:\Users\vinaya.ka.YCS\.m2\repository\org\testng\testng\7.3.0\testng-7.3.0.jar;C:\Users\vinaya.ka.YCS\.m2\repository\org\apache\ant\ant\1.10.3\ant-1.10.3.jar;C:\Users\vinaya.ka.YCS\.m2\repository\org\apache\ant\ant-launcher\1.10.3\ant-launcher-1.10.3.jar;C:\Users\vinaya.ka.YCS\.m2\repository\com\google\inject\guice\4.2.2\guice-4.2.2-no_aop.jar;C:\Users\vinaya.ka.YCS\.m2\repository\javax\inject\javax.inject\1\javax.inject-1.jar;C:\Users\vinaya.ka.YCS\.m2\repository\aopalliance\aopalliance\1.0\aopalliance-1.0.jar;C:\Users\vinaya.ka.YCS\.m2\repository\org\apache\poi\poi\4.1.2\poi-4.1.2.jar;C:\Users\vinaya.ka.YCS\.m2\repository\org\apache\commons\commons-collections4\4.4\commons-collections4-4.4.jar;C:\Users\vinaya.ka.YCS\.m2\repository\org\apache\commons\commons-math3\3.6.1\commons-math3-3.6.1.jar;C:\Users\vinaya.ka.YCS\.m2\repository\com\zaxxer\SparseBitSet\1.2\SparseBitSet-1.2.jar;C:\Users\vinaya.ka.YCS\.m2\repository\org\apache\poi\poi-ooxml\4.1.2\poi-ooxml-4.1.2.jar;C:\Users\vinaya.ka.YCS\.m2\repository\org\apache\poi\poi-ooxml-schemas\4.1.2\poi-ooxml-schemas-4.1.2.jar;C:\Users\vinaya.ka.YCS\.m2\repository\org\apache\xmlbeans\xmlbeans\3.1.0\xmlbeans-3.1.0.jar;C:\Users\vinaya.ka.YCS\.m2\repository\org\apache\commons\commons-compress\1.19\commons-compress-1.19.jar;C:\Users\vinaya.ka.YCS\.m2\repository\com\github\virtuald\curvesapi\1.06\curvesapi-1.06.jar;C:\Users\vinaya.ka.YCS\.m2\repository\com\aventstack\extentreports\4.0.0\extentreports-4.0.0.jar;C:\Users\vinaya.ka.YCS\.m2\repository\org\freemarker\freemarker\2.3.23\freemarker-2.3.23.jar;C:\Users\vinaya.ka.YCS\.m2\repository\org\mongodb\mongodb-driver\3.3.0\mongodb-driver-3.3.0.jar;C:\Users\vinaya.ka.YCS\.m2\repository\org\mongodb\mongodb-driver-core\3.3.0\mongodb-driver-core-3.3.0.jar;C:\Users\vinaya.ka.YCS\.m2\repository\org\mongodb\bson\3.3.0\bson-3.3.0.jar;C:\Users\vinaya.ka.YCS\.m2\repository\org\apache\commons\commons-lang3\3.9\commons-lang3-3.9.jar;C:\Users\vinaya.ka.YCS\.m2\repository\commons-io\commons-io\1.3.2\commons-io-1.3.2.jar;C:\Users\vinaya.ka.YCS\.m2\repository\org\sikuli\sikuli-api\1.2.0\sikuli-api-1.2.0.jar;C:\Users\vinaya.ka.YCS\.m2\repository\org\sikuli\sikuli-core\1.2.2\sikuli-core-1.2.2.jar;C:\Users\vinaya.ka.YCS\.m2\repository\org\bytedeco\javacpp\0.9\javacpp-0.9.jar;C:\Users\vinaya.ka.YCS\.m2\repository\org\bytedeco\javacpp-presets\opencv\2.4.9-0.9\opencv-2.4.9-0.9.jar;C:\Users\vinaya.ka.YCS\.m2\repository\org\piccolo2d\piccolo2d-extras\1.3.1\piccolo2d-extras-1.3.1.jar;C:\Users\vinaya.ka.YCS\.m2\repository\org\piccolo2d\piccolo2d-core\1.3.1\piccolo2d-core-1.3.1.jar;C:\Users\vinaya.ka.YCS\.m2\repository\org\slf4j\slf4j-api\1.6.6\slf4j-api-1.6.6.jar;C:\Users\vinaya.ka.YCS\.m2\repository\log4j\log4j\1.2.17\log4j-1.2.17.jar;"/>
    <property name="sun.cpu.endian" value="little"/>
    <property name="user.home" value="C:\Users\vinaya.ka.YCS"/>
    <property name="user.language" value="en"/>
    <property name="java.specification.vendor" value="Oracle Corporation"/>
    <property name="java.home" value="C:\Program Files\Java\jdk1.8.0_231\jre"/>
    <property name="basedir" value="E:\ECLIPSE_CODES\NetBanking2020"/>
    <property name="file.separator" value="\"/>
    <property name="line.separator" value="&#10;"/>
    <property name="java.vm.specification.vendor" value="Oracle Corporation"/>
    <property name="java.specification.name" value="Java Platform API Specification"/>
    <property name="java.awt.graphicsenv" value="sun.awt.Win32GraphicsEnvironment"/>
    <property name="surefire.real.class.path" value="C:\Users\vinaya.ka.YCS\AppData\Local\Temp\surefire4845473073861322574\surefirebooter3848403659913797576.jar"/>
    <property name="sun.boot.class.path" value="C:\Program Files\Java\jdk1.8.0_231\jre\lib\resources.jar;C:\Program Files\Java\jdk1.8.0_231\jre\lib\rt.jar;C:\Program Files\Java\jdk1.8.0_231\jre\lib\sunrsasign.jar;C:\Program Files\Java\jdk1.8.0_231\jre\lib\jsse.jar;C:\Program Files\Java\jdk1.8.0_231\jre\lib\jce.jar;C:\Program Files\Java\jdk1.8.0_231\jre\lib\charsets.jar;C:\Program Files\Java\jdk1.8.0_231\jre\lib\jfr.jar;C:\Program Files\Java\jdk1.8.0_231\jre\classes"/>
    <property name="user.script" value=""/>
    <property name="sun.management.compiler" value="HotSpot 64-Bit Tiered Compilers"/>
    <property name="java.runtime.version" value="1.8.0_231-b11"/>
    <property name="user.name" value="Vinaya.KA"/>
    <property name="path.separator" value=";"/>
    <property name="os.version" value="10.0"/>
    <property name="java.endorsed.dirs" value="C:\Program Files\Java\jdk1.8.0_231\jre\lib\endorsed"/>
    <property name="java.runtime.name" value="Java(TM) SE Runtime Environment"/>
    <property name="file.encoding" value="Cp1252"/>
    <property name="jnidispatch.path" value="C:\Users\VINAYA~1.YCS\AppData\Local\Temp\jna--777902602\jna7846459474888259226.dll"/>
    <property name="java.vm.name" value="Java HotSpot(TM) 64-Bit Server VM"/>
    <property name="localRepository" value="C:\Users\vinaya.ka.YCS\.m2\repository"/>
    <property name="java.vendor.url.bug" value="http://bugreport.sun.com/bugreport/"/>
    <property name="java.io.tmpdir" value="C:\Users\VINAYA~1.YCS\AppData\Local\Temp\"/>
    <property name="java.version" value="1.8.0_231"/>
    <property name="user.dir" value="E:\ECLIPSE_CODES\NetBanking2020"/>
    <property name="os.arch" value="amd64"/>
    <property name="java.vm.specification.name" value="Java Virtual Machine Specification"/>
    <property name="java.awt.printerjob" value="sun.awt.windows.WPrinterJob"/>
    <property name="sun.os.patch.level" value=""/>
    <property name="java.library.path" value="C:\Program Files\Java\jdk1.8.0_231\jre\bin;C:\Windows\Sun\Java\bin;C:\Windows\system32;C:\Windows;C:\oraclexe\app\oracle\product\11.2.0\server\bin;C:\Windows\system32;C:\Windows;C:\Windows\System32\Wbem;C:\Windows\System32\WindowsPowerShell\v1.0\;C:\Windows\System32\OpenSSH\;C:\Program Files (x86)\Intel\Intel(R) Management Engine Components\DAL;C:\Program Files\Intel\Intel(R) Management Engine Components\DAL;C:\Program Files\Java\jdk1.8.0_231\bin;C:\Program Files\Amazon\AWSCLIV2\;C:\Program Files\PuTTY\;C:\strawberry\c\bin;C:\strawberry\perl\bin;C:\apache-maven-3.6.3\bin\;C:\apache-maven-3.6.3\\bin;C:\Program Files\Java\jdk1.8.0_231\lib;C:\Program Files\Java\jdk1.8.0_231;C:\Program Files (x86)\Sudowin\Clients\Console;C:\Users\vinaya.ka.YCS\AppData\Local\Microsoft\WindowsApps;C:\Users\vinaya.ka.YCS\AppData\Local\Programs\Git\cmd;."/>
    <property name="java.vm.info" value="mixed mode"/>
    <property name="java.vendor" value="Oracle Corporation"/>
    <property name="java.vm.version" value="25.231-b11"/>
    <property name="java.ext.dirs" value="C:\Program Files\Java\jdk1.8.0_231\jre\lib\ext;C:\Windows\Sun\Java\lib\ext"/>
    <property name="sun.io.unicode.encoding" value="UnicodeLittle"/>
    <property name="java.class.version" value="52.0"/>
  </properties>
  <testcase name="loginTest" classname="com.netbanking.testcases.TC_LoginTest_001" time="8.143">
    <system-out><![CDATA[ INFO [main] (BaseClass.java:58)- URL is opened
 INFO [main] (TC_LoginTest_001.java:18)- Entered username
 INFO [main] (TC_LoginTest_001.java:21)- Entered password
Home Page Title is: Guru99 Bank Manager HomePage
 INFO [main] (TC_LoginTest_001.java:31)- Login Test passed
]]></system-out>
    <system-err><![CDATA[Starting ChromeDriver 85.0.4183.87 (cd6713ebf92fa1cacc0f1a598df280093af0c5d7-refs/branch-heads/4183@{#1689}) on port 11904
Only local connections are allowed.
Please see https://chromedriver.chromium.org/security-considerations for suggestions on keeping ChromeDriver safe.
ChromeDriver was started successfully.
[1603555223.280][WARNING]: This version of ChromeDriver has not been tested with Chrome version 86.
Oct 24, 2020 9:30:25 PM org.openqa.selenium.remote.ProtocolHandshake createSession
INFO: Detected dialect: W3C
]]></system-err>
  </testcase>
  <testcase name="addNewCustomer" classname="com.netbanking.testcases.TC_AddCustomerTest_003" time="62.703">
    <system-out><![CDATA[ INFO [main] (BaseClass.java:58)- URL is opened
 INFO [main] (TC_AddCustomerTest_003.java:18)- username provided
 INFO [main] (TC_AddCustomerTest_003.java:20)- password provided
 INFO [main] (TC_AddCustomerTest_003.java:33)- providing customer details...
For reference only-->Random number generated: 8256
Random string generated: VOIxERBi
Customer ID : 82148
 INFO [main] (TC_AddCustomerTest_003.java:61)- validation started...
 INFO [main] (TC_AddCustomerTest_003.java:66)- addNewCustomer passed
]]></system-out>
    <system-err><![CDATA[Starting ChromeDriver 85.0.4183.87 (cd6713ebf92fa1cacc0f1a598df280093af0c5d7-refs/branch-heads/4183@{#1689}) on port 26237
Only local connections are allowed.
Please see https://chromedriver.chromium.org/security-considerations for suggestions on keeping ChromeDriver safe.
ChromeDriver was started successfully.
[1603555247.082][WARNING]: This version of ChromeDriver has not been tested with Chrome version 86.
Oct 24, 2020 9:30:49 PM org.openqa.selenium.remote.ProtocolHandshake createSession
INFO: Detected dialect: W3C
]]></system-err>
  </testcase>
</testsuite>