<?xml version="1.0" encoding="UTF-8"?>
<!-- Generated by org.testng.reporters.JUnitReportReporter -->
<testsuite skipped="0" hostname="YCSLAP0240" name="com.netbanking.testcases.TC_LoginTest_001" tests="1" failures="0" timestamp="2020-10-24T00:46:57 IST" time="3.522" errors="0">
  <testcase name="loginTest" time="3.522" classname="com.netbanking.testcases.TC_LoginTest_001"/>
</testsuite> <!-- com.netbanking.testcases.TC_LoginTest_001 -->
