<?xml version="1.0" encoding="UTF-8"?>
<!-- Generated by org.testng.reporters.JUnitReportReporter -->
<testsuite skipped="0" hostname="YCSLAP0240" name="com.netbanking.testcases.TC_AddCustomerTest_003" tests="1" failures="0" timestamp="2020-10-24T00:40:41 IST" time="33.649" errors="0">
  <testcase name="addNewCustomer" time="33.649" classname="com.netbanking.testcases.TC_AddCustomerTest_003"/>
</testsuite> <!-- com.netbanking.testcases.TC_AddCustomerTest_003 -->
