<?xml version="1.0" encoding="UTF-8"?>
<!-- Generated by org.testng.reporters.JUnitReportReporter -->
<testsuite skipped="0" hostname="YCSLAP0240" name="com.netbanking.testcases.TC_LoginTest_001" tests="1" failures="0" timestamp="2020-10-24T21:31:35 IST" time="8.154" errors="0">
  <testcase name="loginTest" time="8.154" classname="com.netbanking.testcases.TC_LoginTest_001"/>
  <system-out/>
</testsuite> <!-- com.netbanking.testcases.TC_LoginTest_001 -->
